Arguments: 
  C:\Program Files\nodejs\node.exe C:\Users\USER\AppData\Roaming\npm\node_modules\yarn\bin\yarn.js add next react react-dom

PATH: 
  C:\Users\USER\bin;C:\Program Files\Git\mingw64\bin;C:\Program Files\Git\usr\local\bin;C:\Program Files\Git\usr\bin;C:\Program Files\Git\usr\bin;C:\Program Files\Git\mingw64\bin;C:\Program Files\Git\usr\bin;C:\Users\USER\bin;C:\Windows\system32;C:\Windows;C:\Windows\System32\Wbem;C:\Windows\System32\WindowsPowerShell\v1.0;C:\Windows\System32\OpenSSH;C:\ProgramData\chocolatey\bin;C:\Program Files\Git\cmd;C:\Program Files\nodejs;C:\Users\USER\AppData\Local\Microsoft\WindowsApps;C:\Users\USER\AppData\Local\Programs\Microsoft VS Code\bin;C:\Users\USER\AppData\Roaming\npm;C:\Program Files\Git\usr\bin\vendor_perl;C:\Program Files\Git\usr\bin\core_perl

Yarn version: 
  1.22.19

Node version: 
  18.15.0

Platform: 
  win32 x64

Trace: 
  Error: connect EHOSTUNREACH 104.16.25.35:443
      at TCPConnectWrap.afterConnect [as oncomplete] (node:net:1494:16)

npm manifest: 
  {
    "name": "dashboard-task",
    "version": "1.0.0",
    "main": "index.js",
    "scripts": {
    "dev": "next dev",
    "build": "next build",
    "start": "next start",
    "lint": "next lint"
  },
    "author": "",
    "license": "ISC",
    "keywords": [],
    "description": ""
  }

yarn manifest: 
  No manifest

Lockfile: 
  No lockfile
